<?xml version="1.0" encoding="UTF-8"?>
<!-- Generated by org.testng.reporters.JUnitXMLReporter -->
<testsuite ignored="0" hostname="Lenovo-PC" failures="1" tests="1" name="nopcommerce Test1" time="8.907" errors="0" timestamp="2019-09-14T05:48:29 CDT">
  <testcase classname="com.nopcommerce.TestCases.TC_LoginTest_001" name="loginTest" time="4.57">
    <failure type="junit.framework.AssertionFailedError">
      <![CDATA[junit.framework.AssertionFailedError
at junit.framework.Assert.fail(Assert.java:47)
at junit.framework.Assert.assertTrue(Assert.java:20)
at junit.framework.Assert.assertTrue(Assert.java:27)
at com.nopcommerce.TestCases.TC_LoginTest_001.loginTest(TC_LoginTest_001.java:40)
at java.base/java.util.ArrayList.forEach(ArrayList.java:1540)
at java.base/java.util.concurrent.FutureTask.run(FutureTask.java:264)
at java.base/java.util.concurrent.ThreadPoolExecutor.runWorker(ThreadPoolExecutor.java:1128)
at java.base/java.util.concurrent.ThreadPoolExecutor$Worker.run(ThreadPoolExecutor.java:628)
at java.base/java.lang.Thread.run(Thread.java:835)
... Removed 18 stack frames]]>
    </failure>
  </testcase> <!-- loginTest -->
</testsuite> <!-- nopcommerce Test1 -->
